18:31:48.041 [main] INFO  utilities.UtilityCustomFunctions - 3 seconds wait
18:31:48.493 [main] INFO  utilities.UtilityCustomFunctions - Dial Button Clicked: 9710077639
18:31:55.513 [main] INFO  utilities.UtilityCustomFunctions - 5 Secs wait  before disconnect: 9710077639
18:31:56.379 [main] INFO  utilities.UtilityCustomFunctions - 9710077639: Disconnected
18:32:04.807 [main] INFO  utilities.UtilityCustomFunctions - Phone Number Entered in DialPad
18:32:07.818 [main] INFO  utilities.UtilityCustomFunctions - 3 seconds wait
18:32:10.831 [main] INFO  utilities.UtilityCustomFunctions - 3 seconds wait
18:32:11.214 [main] INFO  utilities.UtilityCustomFunctions - Dial Button Clicked: 9710000699
18:32:18.226 [main] INFO  utilities.UtilityCustomFunctions - 5 Secs wait  before disconnect: 9710000699
18:32:18.655 [main] INFO  utilities.UtilityCustomFunctions - 9710000699: Disconnected
18:32:28.685 [main] INFO  testCases.TC_001_ValidateCalls - ******starting TC_001_ValidateCalls ****
18:32:28.685 [main] INFO  utilities.UtilityCustomFunctions - Browser:chrome
18:32:28.685 [main] INFO  testCases.TC_001_ValidateCalls - Excel file Utility instance created
18:32:28.752 [main] INFO  testCases.TC_001_ValidateCalls - Row Count is: 5
18:32:28.794 [main] INFO  testCases.TC_001_ValidateCalls - Col Count is: 3
18:32:33.981 [main] INFO  utilities.UtilityCustomFunctions - PRIYAN entered in  input
18:32:35.637 [main] INFO  utilities.UtilityCustomFunctions - Sudhakar entered in  input
18:32:37.259 [main] INFO  utilities.UtilityCustomFunctions - Automation@123 entered in  input
18:32:44.282 [main] INFO  testCases.TC_001_ValidateCalls - CRM Login Success with:Sudhakar
18:32:44.282 [main] INFO  utilities.UtilityCustomFunctions - User: Sudhakar Actual:   Login Success Expected:   Login Success
18:32:44.283 [main] INFO  testCases.TC_001_ValidateCalls - User: Sudhakar Passed : Actual Value is: Login SuccessExpected Value is: Login Success
18:32:51.092 [main] INFO  utilities.UtilityCustomFunctions - Actual List Item:0is: Calls
18:32:51.092 [main] INFO  utilities.UtilityCustomFunctions - Expected List Item:Calls
18:32:56.306 [main] INFO  utilities.UtilityCustomFunctions - Phone Numbers Extracted...
18:32:58.122 [main] INFO  utilities.UtilityCustomFunctions - 9710071726 entered in  input
18:33:11.392 [main] INFO  utilities.UtilityCustomFunctions - Calls Count:2
18:33:16.975 [main] INFO  utilities.UtilityCustomFunctions - 9710065220 entered in  input
18:33:30.108 [main] INFO  utilities.UtilityCustomFunctions - Calls Count:2
18:33:35.755 [main] INFO  utilities.UtilityCustomFunctions - 9710094296 entered in  input
18:33:48.440 [main] INFO  utilities.UtilityCustomFunctions - Calls Count:2
18:33:53.991 [main] INFO  utilities.UtilityCustomFunctions - 9710077639 entered in  input
18:34:06.856 [main] INFO  utilities.UtilityCustomFunctions - Calls Count:2
18:34:12.374 [main] INFO  utilities.UtilityCustomFunctions - 9710000699 entered in  input
18:34:25.106 [main] INFO  utilities.UtilityCustomFunctions - Calls Count:2
